<?xml version="1.0" encoding="UTF-8"?>
<testng-results skipped="0" failed="0" ignored="0" total="2" passed="2">
  <reporter-output>
  </reporter-output>
  <suite name="Default suite" duration-ms="77291" started-at="2018-05-09T22:10:51Z" finished-at="2018-05-09T22:12:09Z">
    <groups>
    </groups>
    <test name="Default test" duration-ms="77291" started-at="2018-05-09T22:10:51Z" finished-at="2018-05-09T22:12:09Z">
      <class name="testPackage.TestClass">
        <test-method status="PASS" signature="testInit()[pri:0, instance:testPackage.TestClass@77cd7a0]" name="testInit" is-config="true" duration-ms="1090" started-at="2018-05-09T22:10:51Z" finished-at="2018-05-09T22:10:52Z">
          <reporter-output>
          </reporter-output>
        </test-method> <!-- testInit -->
        <test-method status="PASS" signature="setUpTest(java.lang.reflect.Method)[pri:0, instance:testPackage.TestClass@77cd7a0]" name="setUpTest" is-config="true" duration-ms="24112" started-at="2018-05-09T22:10:52Z" finished-at="2018-05-09T22:11:17Z">
          <params>
            <param index="0">
              <value>
                <![CDATA[public void testPackage.TestClass.UserStory1() throws java.awt.HeadlessException,java.awt.AWTException,java.io.IOException]]>
              </value>
            </param>
          </params>
          <reporter-output>
          </reporter-output>
        </test-method> <!-- setUpTest -->
        <test-method status="PASS" signature="UserStory1()[pri:0, instance:testPackage.TestClass@77cd7a0]" name="UserStory1" duration-ms="13539" started-at="2018-05-09T22:11:17Z" description="Test to validate price reminder when no price is entered" finished-at="2018-05-09T22:11:30Z">
          <reporter-output>
          </reporter-output>
        </test-method> <!-- UserStory1 -->
        <test-method status="PASS" signature="tearDownTest(org.testng.ITestResult)[pri:0, instance:testPackage.TestClass@77cd7a0]" name="tearDownTest" is-config="true" duration-ms="1656" started-at="2018-05-09T22:11:30Z" finished-at="2018-05-09T22:11:32Z">
          <params>
            <param index="0">
              <value>
                <![CDATA[[TestResult name=UserStory1 status=SUCCESS method=TestClass.UserStory1()[pri:0, instance:testPackage.TestClass@77cd7a0] output={null}]]]>
              </value>
            </param>
          </params>
          <reporter-output>
          </reporter-output>
        </test-method> <!-- tearDownTest -->
        <test-method status="PASS" signature="setUpTest(java.lang.reflect.Method)[pri:0, instance:testPackage.TestClass@77cd7a0]" name="setUpTest" is-config="true" duration-ms="24368" started-at="2018-05-09T22:11:32Z" finished-at="2018-05-09T22:11:56Z">
          <params>
            <param index="0">
              <value>
                <![CDATA[public void testPackage.TestClass.UserStory2() throws java.awt.HeadlessException,java.awt.AWTException,java.io.IOException]]>
              </value>
            </param>
          </params>
          <reporter-output>
          </reporter-output>
        </test-method> <!-- setUpTest -->
        <test-method status="PASS" signature="UserStory2()[pri:0, instance:testPackage.TestClass@77cd7a0]" name="UserStory2" duration-ms="9073" started-at="2018-05-09T22:11:56Z" description="Test to validate the EMI feature with different tenure and interest rate" finished-at="2018-05-09T22:12:05Z">
          <reporter-output>
          </reporter-output>
        </test-method> <!-- UserStory2 -->
        <test-method status="PASS" signature="tearDownTest(org.testng.ITestResult)[pri:0, instance:testPackage.TestClass@77cd7a0]" name="tearDownTest" is-config="true" duration-ms="1487" started-at="2018-05-09T22:12:05Z" finished-at="2018-05-09T22:12:07Z">
          <params>
            <param index="0">
              <value>
                <![CDATA[[TestResult name=UserStory2 status=SUCCESS method=TestClass.UserStory2()[pri:0, instance:testPackage.TestClass@77cd7a0] output={null}]]]>
              </value>
            </param>
          </params>
          <reporter-output>
          </reporter-output>
        </test-method> <!-- tearDownTest -->
        <test-method status="PASS" signature="clearUp()[pri:0, instance:testPackage.TestClass@77cd7a0]" name="clearUp" is-config="true" duration-ms="1865" started-at="2018-05-09T22:12:07Z" finished-at="2018-05-09T22:12:09Z">
          <reporter-output>
          </reporter-output>
        </test-method> <!-- clearUp -->
      </class> <!-- testPackage.TestClass -->
    </test> <!-- Default test -->
  </suite> <!-- Default suite -->
</testng-results>
